SF:/Users/craigoconnor/Documents/Projects/OpenS2/earclip/rust/earcut.rs
FN:57,_RNvMNtCs1m5rwWnqSmB_7earclip6earcutNtB2_4Node3new
FN:61,_RNvMNtCs1m5rwWnqSmB_7earclip6earcutNtB2_4Node9link_info
FN:81,_RNvMs_NtCs1m5rwWnqSmB_7earclip6earcutNtB4_5Store3new
FN:92,_RNvMs_NtCs1m5rwWnqSmB_7earclip6earcutNtB4_5Store5reset
FN:101,_RNvNtCs1m5rwWnqSmB_7earclip6earcut6earcut
FN:115,_RNvNtCs1m5rwWnqSmB_7earclip6earcut11earcut_impl
FN:196,_RNvNtCs1m5rwWnqSmB_7earclip6earcut11linked_list
FN:245,_RNvNtCs1m5rwWnqSmB_7earclip6earcut15eliminate_holes
FN:268,_RNCNvNtCs1m5rwWnqSmB_7earclip6earcut15eliminate_holes0B5_
FN:287,_RNvNtCs1m5rwWnqSmB_7earclip6earcut13earcut_linked
FN:360,_RNvNtCs1m5rwWnqSmB_7earclip6earcut6is_ear
FN:393,_RNvNtCs1m5rwWnqSmB_7earclip6earcut13is_ear_hashed
FN:417,_RNCNvNtCs1m5rwWnqSmB_7earclip6earcut13is_ear_hashed0B5_
FN:418,_RNCNvNtCs1m5rwWnqSmB_7earclip6earcut13is_ear_hasheds_0B5_
FN:441,_RNCNvNtCs1m5rwWnqSmB_7earclip6earcut13is_ear_hasheds0_0B5_
FN:453,_RNCNvNtCs1m5rwWnqSmB_7earclip6earcut13is_ear_hasheds1_0B5_
FN:471,_RNCNvNtCs1m5rwWnqSmB_7earclip6earcut13is_ear_hasheds2_0B5_
FN:489,_RNCNvNtCs1m5rwWnqSmB_7earclip6earcut13is_ear_hasheds3_0B5_
FN:496,_RNvNtCs1m5rwWnqSmB_7earclip6earcut24cure_local_intersections
FN:535,_RNvNtCs1m5rwWnqSmB_7earclip6earcut12split_earcut
FN:581,_RNvNtCs1m5rwWnqSmB_7earclip6earcut11index_curve
FN:605,_RNvNtCs1m5rwWnqSmB_7earclip6earcut11sort_linked
FN:695,_RNvNtCs1m5rwWnqSmB_7earclip6earcut12get_leftmost
FN:714,_RNvNtCs1m5rwWnqSmB_7earclip6earcut17is_valid_diagonal
FN:730,_RNvNtCs1m5rwWnqSmB_7earclip6earcut10intersects
FN:743,_RNvNtCs1m5rwWnqSmB_7earclip6earcut18intersects_polygon
FN:760,_RNvNtCs1m5rwWnqSmB_7earclip6earcut13middle_inside
FN:779,_RNvNtCs1m5rwWnqSmB_7earclip6earcut14eliminate_hole
FN:793,_RNvNtCs1m5rwWnqSmB_7earclip6earcut14locally_inside
FN:804,_RNvNtCs1m5rwWnqSmB_7earclip6earcut16find_hole_bridge
FN:877,_RNvNtCs1m5rwWnqSmB_7earclip6earcut22sector_contains_sector
FN:883,_RNvNtCs1m5rwWnqSmB_7earclip6earcut13filter_points
FN:909,_RNvNtCs1m5rwWnqSmB_7earclip6earcut13split_polygon
FN:937,_RNvNtCs1m5rwWnqSmB_7earclip6earcut11insert_node
FN:956,_RNvNtCs1m5rwWnqSmB_7earclip6earcut11remove_node
FN:981,_RNvNtCs1m5rwWnqSmB_7earclip6earcut11signed_area
FN:995,_RNvNtCs1m5rwWnqSmB_7earclip6earcut7z_order
FN:1008,_RNvNtCs1m5rwWnqSmB_7earclip6earcut17point_in_triangle
FN:1015,_RNvNtCs1m5rwWnqSmB_7earclip6earcut4area
FN:1020,_RNvNtCs1m5rwWnqSmB_7earclip6earcut6equals
FN:1025,_RNvNtCs1m5rwWnqSmB_7earclip6earcut10on_segment
FN:1030,_RNvNtCs1m5rwWnqSmB_7earclip6earcut4sign
FN:268,_RNCNvNtCs6yctXiA9Rh3_7earclip6earcut15eliminate_holes0B5_
FN:417,_RNCNvNtCs6yctXiA9Rh3_7earclip6earcut13is_ear_hashed0B5_
FN:418,_RNCNvNtCs6yctXiA9Rh3_7earclip6earcut13is_ear_hasheds_0B5_
FN:441,_RNCNvNtCs6yctXiA9Rh3_7earclip6earcut13is_ear_hasheds0_0B5_
FN:453,_RNCNvNtCs6yctXiA9Rh3_7earclip6earcut13is_ear_hasheds1_0B5_
FN:471,_RNCNvNtCs6yctXiA9Rh3_7earclip6earcut13is_ear_hasheds2_0B5_
FN:489,_RNCNvNtCs6yctXiA9Rh3_7earclip6earcut13is_ear_hasheds3_0B5_
FN:57,_RNvMNtCs6yctXiA9Rh3_7earclip6earcutNtB2_4Node3new
FN:61,_RNvMNtCs6yctXiA9Rh3_7earclip6earcutNtB2_4Node9link_info
FN:81,_RNvMs_NtCs6yctXiA9Rh3_7earclip6earcutNtB4_5Store3new
FN:92,_RNvMs_NtCs6yctXiA9Rh3_7earclip6earcutNtB4_5Store5reset
FN:101,_RNvNtCs6yctXiA9Rh3_7earclip6earcut6earcut
FN:115,_RNvNtCs6yctXiA9Rh3_7earclip6earcut11earcut_impl
FN:196,_RNvNtCs6yctXiA9Rh3_7earclip6earcut11linked_list
FN:245,_RNvNtCs6yctXiA9Rh3_7earclip6earcut15eliminate_holes
FN:287,_RNvNtCs6yctXiA9Rh3_7earclip6earcut13earcut_linked
FN:360,_RNvNtCs6yctXiA9Rh3_7earclip6earcut6is_ear
FN:393,_RNvNtCs6yctXiA9Rh3_7earclip6earcut13is_ear_hashed
FN:496,_RNvNtCs6yctXiA9Rh3_7earclip6earcut24cure_local_intersections
FN:535,_RNvNtCs6yctXiA9Rh3_7earclip6earcut12split_earcut
FN:581,_RNvNtCs6yctXiA9Rh3_7earclip6earcut11index_curve
FN:605,_RNvNtCs6yctXiA9Rh3_7earclip6earcut11sort_linked
FN:695,_RNvNtCs6yctXiA9Rh3_7earclip6earcut12get_leftmost
FN:714,_RNvNtCs6yctXiA9Rh3_7earclip6earcut17is_valid_diagonal
FN:730,_RNvNtCs6yctXiA9Rh3_7earclip6earcut10intersects
FN:743,_RNvNtCs6yctXiA9Rh3_7earclip6earcut18intersects_polygon
FN:760,_RNvNtCs6yctXiA9Rh3_7earclip6earcut13middle_inside
FN:779,_RNvNtCs6yctXiA9Rh3_7earclip6earcut14eliminate_hole
FN:793,_RNvNtCs6yctXiA9Rh3_7earclip6earcut14locally_inside
FN:804,_RNvNtCs6yctXiA9Rh3_7earclip6earcut16find_hole_bridge
FN:877,_RNvNtCs6yctXiA9Rh3_7earclip6earcut22sector_contains_sector
FN:883,_RNvNtCs6yctXiA9Rh3_7earclip6earcut13filter_points
FN:909,_RNvNtCs6yctXiA9Rh3_7earclip6earcut13split_polygon
FN:937,_RNvNtCs6yctXiA9Rh3_7earclip6earcut11insert_node
FN:956,_RNvNtCs6yctXiA9Rh3_7earclip6earcut11remove_node
FN:981,_RNvNtCs6yctXiA9Rh3_7earclip6earcut11signed_area
FN:995,_RNvNtCs6yctXiA9Rh3_7earclip6earcut7z_order
FN:1008,_RNvNtCs6yctXiA9Rh3_7earclip6earcut17point_in_triangle
FN:1015,_RNvNtCs6yctXiA9Rh3_7earclip6earcut4area
FN:1020,_RNvNtCs6yctXiA9Rh3_7earclip6earcut6equals
FN:1025,_RNvNtCs6yctXiA9Rh3_7earclip6earcut10on_segment
FN:1030,_RNvNtCs6yctXiA9Rh3_7earclip6earcut4sign
FNDA:0,_RNvMNtCs1m5rwWnqSmB_7earclip6earcutNtB2_4Node3new
FNDA:0,_RNvMNtCs1m5rwWnqSmB_7earclip6earcutNtB2_4Node9link_info
FNDA:0,_RNvMs_NtCs1m5rwWnqSmB_7earclip6earcutNtB4_5Store3new
FNDA:0,_RNvMs_NtCs1m5rwWnqSmB_7earclip6earcutNtB4_5Store5reset
FNDA:0,_RNvNtCs1m5rwWnqSmB_7earclip6earcut6earcut
FNDA:0,_RNvNtCs1m5rwWnqSmB_7earclip6earcut11earcut_impl
FNDA:0,_RNvNtCs1m5rwWnqSmB_7earclip6earcut11linked_list
FNDA:0,_RNvNtCs1m5rwWnqSmB_7earclip6earcut15eliminate_holes
FNDA:0,_RNCNvNtCs1m5rwWnqSmB_7earclip6earcut15eliminate_holes0B5_
FNDA:0,_RNvNtCs1m5rwWnqSmB_7earclip6earcut13earcut_linked
FNDA:0,_RNvNtCs1m5rwWnqSmB_7earclip6earcut6is_ear
FNDA:0,_RNvNtCs1m5rwWnqSmB_7earclip6earcut13is_ear_hashed
FNDA:0,_RNCNvNtCs1m5rwWnqSmB_7earclip6earcut13is_ear_hashed0B5_
FNDA:0,_RNCNvNtCs1m5rwWnqSmB_7earclip6earcut13is_ear_hasheds_0B5_
FNDA:0,_RNCNvNtCs1m5rwWnqSmB_7earclip6earcut13is_ear_hasheds0_0B5_
FNDA:0,_RNCNvNtCs1m5rwWnqSmB_7earclip6earcut13is_ear_hasheds1_0B5_
FNDA:0,_RNCNvNtCs1m5rwWnqSmB_7earclip6earcut13is_ear_hasheds2_0B5_
FNDA:0,_RNCNvNtCs1m5rwWnqSmB_7earclip6earcut13is_ear_hasheds3_0B5_
FNDA:0,_RNvNtCs1m5rwWnqSmB_7earclip6earcut24cure_local_intersections
FNDA:0,_RNvNtCs1m5rwWnqSmB_7earclip6earcut12split_earcut
FNDA:0,_RNvNtCs1m5rwWnqSmB_7earclip6earcut11index_curve
FNDA:0,_RNvNtCs1m5rwWnqSmB_7earclip6earcut11sort_linked
FNDA:0,_RNvNtCs1m5rwWnqSmB_7earclip6earcut12get_leftmost
FNDA:0,_RNvNtCs1m5rwWnqSmB_7earclip6earcut17is_valid_diagonal
FNDA:0,_RNvNtCs1m5rwWnqSmB_7earclip6earcut10intersects
FNDA:0,_RNvNtCs1m5rwWnqSmB_7earclip6earcut18intersects_polygon
FNDA:0,_RNvNtCs1m5rwWnqSmB_7earclip6earcut13middle_inside
FNDA:0,_RNvNtCs1m5rwWnqSmB_7earclip6earcut14eliminate_hole
FNDA:0,_RNvNtCs1m5rwWnqSmB_7earclip6earcut14locally_inside
FNDA:0,_RNvNtCs1m5rwWnqSmB_7earclip6earcut16find_hole_bridge
FNDA:0,_RNvNtCs1m5rwWnqSmB_7earclip6earcut22sector_contains_sector
FNDA:0,_RNvNtCs1m5rwWnqSmB_7earclip6earcut13filter_points
FNDA:0,_RNvNtCs1m5rwWnqSmB_7earclip6earcut13split_polygon
FNDA:0,_RNvNtCs1m5rwWnqSmB_7earclip6earcut11insert_node
FNDA:0,_RNvNtCs1m5rwWnqSmB_7earclip6earcut11remove_node
FNDA:0,_RNvNtCs1m5rwWnqSmB_7earclip6earcut11signed_area
FNDA:0,_RNvNtCs1m5rwWnqSmB_7earclip6earcut7z_order
FNDA:0,_RNvNtCs1m5rwWnqSmB_7earclip6earcut17point_in_triangle
FNDA:0,_RNvNtCs1m5rwWnqSmB_7earclip6earcut4area
FNDA:0,_RNvNtCs1m5rwWnqSmB_7earclip6earcut6equals
FNDA:0,_RNvNtCs1m5rwWnqSmB_7earclip6earcut10on_segment
FNDA:0,_RNvNtCs1m5rwWnqSmB_7earclip6earcut4sign
FNDA:5700,_RNCNvNtCs6yctXiA9Rh3_7earclip6earcut15eliminate_holes0B5_
FNDA:125285,_RNCNvNtCs6yctXiA9Rh3_7earclip6earcut13is_ear_hashed0B5_
FNDA:125175,_RNCNvNtCs6yctXiA9Rh3_7earclip6earcut13is_ear_hasheds_0B5_
FNDA:117769,_RNCNvNtCs6yctXiA9Rh3_7earclip6earcut13is_ear_hasheds0_0B5_
FNDA:93624,_RNCNvNtCs6yctXiA9Rh3_7earclip6earcut13is_ear_hasheds1_0B5_
FNDA:537101,_RNCNvNtCs6yctXiA9Rh3_7earclip6earcut13is_ear_hasheds2_0B5_
FNDA:454406,_RNCNvNtCs6yctXiA9Rh3_7earclip6earcut13is_ear_hasheds3_0B5_
FNDA:25234,_RNvMNtCs6yctXiA9Rh3_7earclip6earcutNtB2_4Node3new
FNDA:25041,_RNvMNtCs6yctXiA9Rh3_7earclip6earcutNtB2_4Node9link_info
FNDA:56,_RNvMs_NtCs6yctXiA9Rh3_7earclip6earcutNtB4_5Store3new
FNDA:54,_RNvMs_NtCs6yctXiA9Rh3_7earclip6earcutNtB4_5Store5reset
FNDA:56,_RNvNtCs6yctXiA9Rh3_7earclip6earcut6earcut
FNDA:54,_RNvNtCs6yctXiA9Rh3_7earclip6earcut11earcut_impl
FNDA:843,_RNvNtCs6yctXiA9Rh3_7earclip6earcut11linked_list
FNDA:41,_RNvNtCs6yctXiA9Rh3_7earclip6earcut15eliminate_holes
FNDA:390,_RNvNtCs6yctXiA9Rh3_7earclip6earcut13earcut_linked
FNDA:3870,_RNvNtCs6yctXiA9Rh3_7earclip6earcut6is_ear
FNDA:386253,_RNvNtCs6yctXiA9Rh3_7earclip6earcut13is_ear_hashed
FNDA:97,_RNvNtCs6yctXiA9Rh3_7earclip6earcut24cure_local_intersections
FNDA:90,_RNvNtCs6yctXiA9Rh3_7earclip6earcut12split_earcut
FNDA:99,_RNvNtCs6yctXiA9Rh3_7earclip6earcut11index_curve
FNDA:99,_RNvNtCs6yctXiA9Rh3_7earclip6earcut11sort_linked
FNDA:789,_RNvNtCs6yctXiA9Rh3_7earclip6earcut12get_leftmost
FNDA:7427,_RNvNtCs6yctXiA9Rh3_7earclip6earcut17is_valid_diagonal
FNDA:479993,_RNvNtCs6yctXiA9Rh3_7earclip6earcut10intersects
FNDA:7420,_RNvNtCs6yctXiA9Rh3_7earclip6earcut18intersects_polygon
FNDA:69,_RNvNtCs6yctXiA9Rh3_7earclip6earcut13middle_inside
FNDA:789,_RNvNtCs6yctXiA9Rh3_7earclip6earcut14eliminate_hole
FNDA:2658,_RNvNtCs6yctXiA9Rh3_7earclip6earcut14locally_inside
FNDA:789,_RNvNtCs6yctXiA9Rh3_7earclip6earcut16find_hole_bridge
FNDA:14,_RNvNtCs6yctXiA9Rh3_7earclip6earcut22sector_contains_sector
FNDA:2008,_RNvNtCs6yctXiA9Rh3_7earclip6earcut13filter_points
FNDA:856,_RNvNtCs6yctXiA9Rh3_7earclip6earcut13split_polygon
FNDA:23412,_RNvNtCs6yctXiA9Rh3_7earclip6earcut11insert_node
FNDA:25041,_RNvNtCs6yctXiA9Rh3_7earclip6earcut11remove_node
FNDA:1664,_RNvNtCs6yctXiA9Rh3_7earclip6earcut11signed_area
FNDA:273960,_RNvNtCs6yctXiA9Rh3_7earclip6earcut7z_order
FNDA:318612,_RNvNtCs6yctXiA9Rh3_7earclip6earcut17point_in_triangle
FNDA:6019341,_RNvNtCs6yctXiA9Rh3_7earclip6earcut4area
FNDA:3596132,_RNvNtCs6yctXiA9Rh3_7earclip6earcut6equals
FNDA:2760,_RNvNtCs6yctXiA9Rh3_7earclip6earcut10on_segment
FNDA:1919972,_RNvNtCs6yctXiA9Rh3_7earclip6earcut4sign
FNF:42
FNH:42
DA:57,25234
DA:58,25234
DA:59,25234
DA:61,25041
DA:62,25041
DA:63,25041
DA:64,25041
DA:65,25041
DA:66,25041
DA:67,25041
DA:68,25041
DA:81,56
DA:82,56
DA:83,56
DA:84,56
DA:85,56
DA:86,56
DA:87,56
DA:88,56
DA:89,56
DA:90,56
DA:92,54
DA:93,54
DA:94,54
DA:95,54
DA:96,54
DA:101,56
DA:102,56
DA:103,56
DA:104,56
DA:105,56
DA:106,56
DA:107,2
DA:108,54
DA:109,54
DA:110,54
DA:111,54
DA:112,56
DA:115,54
DA:116,54
DA:117,54
DA:118,54
DA:119,54
DA:120,54
DA:121,54
DA:122,54
DA:123,54
DA:124,54
DA:125,54
DA:128,54
DA:129,0
DA:131,54
DA:132,54
DA:133,1
DA:134,53
DA:135,53
DA:136,41
DA:137,41
DA:139,53
DA:140,53
DA:141,53
DA:142,53
DA:143,53
DA:144,53
DA:145,53
DA:146,53
DA:148,17
DA:149,17
DA:150,17
DA:151,17
DA:152,17
DA:153,17
DA:155,16994
DA:156,16994
DA:157,16994
DA:158,16994
DA:159,523
DA:160,16471
DA:161,16994
DA:162,984
DA:163,16010
DA:164,16994
DA:165,987
DA:166,16007
DA:167,16994
DA:168,389
DA:169,16605
DA:173,17
DA:174,17
DA:175,17
DA:176,17
DA:177,17
DA:178,17
DA:179,0
DA:180,0
DA:181,36
DA:183,53
DA:184,53
DA:185,53
DA:186,53
DA:187,53
DA:188,53
DA:189,53
DA:190,53
DA:191,53
DA:192,53
DA:193,54
DA:196,843
DA:197,843
DA:198,843
DA:199,843
DA:200,843
DA:201,843
DA:202,843
DA:203,843
DA:204,843
DA:205,843
DA:206,762
DA:207,21545
DA:208,20783
DA:209,20783
DA:210,20783
DA:211,20783
DA:212,20783
DA:213,20783
DA:214,20783
DA:215,20783
DA:217,81
DA:218,2698
DA:219,2629
DA:220,2629
DA:221,2629
DA:222,2629
DA:223,2629
DA:224,2629
DA:225,2629
DA:226,12
DA:227,2617
DA:228,2617
DA:232,843
DA:233,843
DA:234,843
DA:235,764
DA:236,764
DA:237,764
DA:238,764
DA:239,0
DA:241,843
DA:242,843
DA:245,41
DA:246,41
DA:247,41
DA:248,41
DA:249,41
DA:250,41
DA:251,41
DA:252,789
DA:253,789
DA:254,789
DA:255,789
DA:256,789
DA:257,789
DA:258,789
DA:259,17
DA:260,772
DA:261,789
DA:262,789
DA:263,0
DA:266,41
DA:267,41
DA:268,5700
DA:271,789
DA:272,789
DA:273,789
DA:275,41
DA:276,41
DA:287,390
DA:288,390
DA:289,390
DA:290,390
DA:291,390
DA:292,390
DA:293,390
DA:294,390
DA:295,390
DA:296,390
DA:297,390
DA:298,390
DA:299,390
DA:300,390
DA:301,99
DA:302,291
DA:304,390
DA:308,390224
DA:309,390224
DA:310,101
DA:311,390123
DA:312,390123
DA:314,390123
DA:315,386253
DA:317,3870
DA:319,390123
DA:320,21378
DA:321,21378
DA:322,21378
DA:323,21378
DA:324,21378
DA:325,21378
DA:326,21378
DA:327,21378
DA:328,21378
DA:329,21378
DA:330,21378
DA:331,21378
DA:332,21378
DA:333,21378
DA:334,21378
DA:335,368745
DA:336,368745
DA:337,368745
DA:338,368745
DA:339,368745
DA:340,368745
DA:341,289
DA:342,102
DA:343,102
DA:344,102
DA:345,187
DA:346,97
DA:347,97
DA:348,97
DA:349,97
DA:350,97
DA:351,90
DA:352,90
DA:353,90
DA:354,289
DA:355,368456
DA:357,390
DA:360,3870
DA:361,3870
DA:362,3870
DA:363,3870
DA:364,3870
DA:365,3870
DA:367,1857
DA:368,2013
DA:369,2013
DA:370,2013
DA:371,2013
DA:372,2013
DA:373,2013
DA:374,2013
DA:375,2013
DA:376,2013
DA:378,2013
DA:379,2013
DA:380,25671
DA:381,25077
DA:382,25077
DA:383,2744
DA:384,1861
DA:386,1419
DA:387,23658
DA:388,23658
DA:390,594
DA:391,3870
DA:393,386253
DA:394,386253
DA:395,386253
DA:396,386253
DA:397,386253
DA:398,386253
DA:399,386253
DA:400,386253
DA:401,386253
DA:402,386253
DA:403,386253
DA:404,386253
DA:406,259896
DA:407,126357
DA:408,126357
DA:409,126357
DA:410,126357
DA:411,126357
DA:412,126357
DA:413,126357
DA:414,126357
DA:415,126357
DA:416,126357
DA:417,126357
DA:418,126357
DA:422,220163
DA:423,218818
DA:424,37371
DA:425,181447
DA:426,181447
DA:427,180169
DA:428,30885
DA:429,149284
DA:430,149284
DA:431,149284
DA:432,149284
DA:433,149284
DA:434,149284
DA:435,69866
DA:436,51508
DA:437,35331
DA:439,31192
DA:440,118092
DA:441,118092
DA:442,118092
DA:443,118092
DA:444,118092
DA:445,118092
DA:446,118092
DA:447,54597
DA:448,38967
DA:449,27612
DA:451,24286
DA:452,93806
DA:453,93806
DA:457,608261
DA:458,606635
DA:459,45089
DA:460,561546
DA:461,561546
DA:462,561546
DA:463,561546
DA:464,561546
DA:465,64947
DA:466,42479
DA:467,27114
DA:469,24164
DA:470,537382
DA:471,537382
DA:475,501326
DA:476,500737
DA:477,20195
DA:478,480542
DA:479,480542
DA:480,480542
DA:481,480542
DA:482,480542
DA:483,63678
DA:484,39081
DA:485,29469
DA:487,25931
DA:488,454611
DA:489,454611
DA:492,20784
DA:493,386253
DA:496,97
DA:497,97
DA:498,97
DA:499,97
DA:500,97
DA:501,97
DA:502,97
DA:504,12534
DA:505,12534
DA:506,12534
DA:507,12534
DA:508,12534
DA:509,12534
DA:510,12534
DA:511,12534
DA:512,12217
DA:513,157
DA:514,122
DA:516,107
DA:517,107
DA:518,107
DA:519,107
DA:520,107
DA:521,107
DA:522,107
DA:523,107
DA:524,12427
DA:525,12427
DA:526,12427
DA:528,12534
DA:529,97
DA:530,12437
DA:532,97
DA:535,90
DA:536,90
DA:537,90
DA:538,90
DA:539,90
DA:540,90
DA:541,90
DA:542,90
DA:543,90
DA:544,90
DA:545,90
DA:546,90
DA:548,175
DA:549,175
DA:550,175
DA:552,7539
DA:553,7433
DA:554,7433
DA:556,69
DA:559,69
DA:560,69
DA:561,69
DA:562,69
DA:563,69
DA:564,69
DA:565,69
DA:566,69
DA:567,69
DA:568,7364
DA:569,7364
DA:572,106
DA:573,106
DA:574,21
DA:575,85
DA:576,85
DA:578,90
DA:581,99
DA:582,99
DA:583,99
DA:586,28220
DA:587,21246
DA:588,21246
DA:589,28220
DA:590,28220
DA:591,28220
DA:592,28220
DA:593,28220
DA:594,99
DA:595,28121
DA:598,99
DA:599,99
DA:600,99
DA:601,99
DA:605,99
DA:606,99
DA:607,99
DA:610,567
DA:611,567
DA:612,567
DA:613,567
DA:615,28940
DA:616,28373
DA:617,28373
DA:618,28373
DA:619,28373
DA:620,140216
DA:621,140054
DA:622,140054
DA:624,162
DA:627,28373
DA:630,338479
DA:631,270097
DA:632,270097
DA:633,227613
DA:634,210365
DA:635,108695
DA:636,108695
DA:637,108695
DA:638,108695
DA:639,108695
DA:641,101670
DA:642,101670
DA:643,101670
DA:644,101670
DA:645,101670
DA:648,17248
DA:649,17248
DA:650,17248
DA:651,17248
DA:652,17248
DA:655,42484
DA:656,42484
DA:657,42484
DA:658,42484
DA:659,42484
DA:661,68382
DA:662,40489
DA:663,40009
DA:664,40009
DA:665,40009
DA:666,40009
DA:667,40009
DA:669,480
DA:672,27893
DA:675,310106
DA:676,309539
DA:677,567
DA:678,567
DA:679,567
DA:680,310106
DA:683,28373
DA:686,567
DA:687,567
DA:688,99
DA:689,468
DA:690,468
DA:692,99
DA:695,789
DA:696,789
DA:697,789
DA:698,789
DA:699,789
DA:702,5244
DA:703,908
DA:704,4336
DA:705,5244
DA:706,5244
DA:707,789
DA:708,4455
DA:709,4455
DA:711,789
DA:714,7427
DA:715,7427
DA:716,7427
DA:717,7427
DA:718,7427
DA:720,493
DA:722,44
DA:724,450
DA:725,31
DA:726,28
DA:727,7427
DA:730,479993
DA:731,479993
DA:732,479993
DA:733,479993
DA:734,479993
DA:735,479993
DA:736,472911
DA:737,472911
DA:738,472909
DA:739,472909
DA:740,479993
DA:743,7420
DA:744,7420
DA:746,479470
DA:747,479470
DA:748,467776
DA:750,6927
DA:751,472543
DA:752,472543
DA:753,472543
DA:754,493
DA:755,472050
DA:757,7420
DA:760,69
DA:761,69
DA:762,69
DA:763,69
DA:764,69
DA:766,14048
DA:767,14048
DA:768,328
DA:769,328
DA:770,328
DA:771,14048
DA:772,14048
DA:773,69
DA:774,13979
DA:776,69
DA:779,789
DA:780,789
DA:781,2
DA:783,787
DA:786,787
DA:787,787
DA:788,787
DA:789,787
DA:790,789
DA:793,2658
DA:794,2658
DA:795,2658
DA:796,2658
DA:797,1141
DA:799,1517
DA:801,2658
DA:804,789
DA:805,789
DA:806,789
DA:807,789
DA:811,789
DA:813,2513281
DA:814,2513281
DA:815,7448
DA:816,7448
DA:817,7448
DA:818,2230
DA:819,2230
DA:820,2230
DA:822,96
DA:823,2134
DA:824,5218
DA:825,2505833
DA:826,2513185
DA:827,2513185
DA:828,693
DA:829,2512492
DA:830,2512492
DA:833,693
DA:839,691
DA:840,691
DA:841,691
DA:842,691
DA:843,691
DA:844,691
DA:845,691
DA:848,2393275
DA:850,143833
DA:851,143833
DA:852,143833
DA:853,143833
DA:856,1640
DA:857,1640
DA:858,1086
DA:859,323
DA:860,16
DA:861,14
DA:862,766
DA:863,766
DA:864,766
DA:865,874
DA:866,2391635
DA:868,2393275
DA:869,2393275
DA:870,691
DA:871,2392584
DA:872,2392584
DA:874,789
DA:877,14
DA:878,14
DA:879,5
DA:880,14
DA:883,2008
DA:884,2008
DA:885,2008
DA:886,2008
DA:887,2008
DA:889,3584258
DA:890,3584258
DA:891,2685
DA:892,2685
DA:893,2685
DA:894,13
DA:895,2672
DA:896,2672
DA:898,3581573
DA:899,3581573
DA:900,1995
DA:901,3579578
DA:902,3579578
DA:905,2008
DA:909,856
DA:910,856
DA:911,856
DA:912,856
DA:914,856
DA:915,856
DA:916,856
DA:917,856
DA:918,856
DA:919,856
DA:921,856
DA:922,856
DA:923,856
DA:924,856
DA:925,856
DA:926,856
DA:927,856
DA:928,856
DA:929,856
DA:931,856
DA:932,856
DA:933,856
DA:934,856
DA:937,23412
DA:938,23412
DA:939,23412
DA:940,23412
DA:941,22569
DA:942,22569
DA:943,22569
DA:944,22569
DA:945,22569
DA:946,22569
DA:948,843
DA:949,843
DA:950,843
DA:952,23412
DA:953,23412
DA:954,23412
DA:956,25041
DA:957,25041
DA:958,25041
DA:959,25041
DA:960,20756
DA:961,3817
DA:962,3817
DA:963,16939
DA:965,4285
DA:967,25041
DA:968,25041
DA:969,25041
DA:970,20863
DA:971,4961
DA:972,4961
DA:973,15902
DA:975,4178
DA:977,25041
DA:978,25041
DA:981,1664
DA:982,1664
DA:983,1664
DA:984,1664
DA:985,48208
DA:986,46544
DA:987,46544
DA:988,46544
DA:989,46544
DA:991,1664
DA:992,1664
DA:995,273960
DA:996,273960
DA:997,273960
DA:998,273960
DA:999,273960
DA:1000,273960
DA:1001,273960
DA:1002,273960
DA:1003,273960
DA:1004,273960
DA:1005,273960
DA:1008,318612
DA:1009,318612
DA:1010,202717
DA:1011,166607
DA:1012,318612
DA:1015,6019341
DA:1016,6019341
DA:1017,6019341
DA:1020,3596132
DA:1021,3596132
DA:1022,3596132
DA:1025,2760
DA:1026,2760
DA:1027,488
DA:1028,2760
DA:1030,1919972
DA:1031,1919972
DA:1032,1919972
BRF:0
BRH:0
LF:761
LH:756
end_of_record
SF:/Users/craigoconnor/Documents/Projects/OpenS2/earclip/rust/lib.rs
FN:46,_RNvCs1m5rwWnqSmB_7earclip7earclip
FN:64,_RNCNvCs1m5rwWnqSmB_7earclip7earclip0B3_
FN:70,_RNvCs1m5rwWnqSmB_7earclip9tesselate
FN:95,_RNvCs1m5rwWnqSmB_7earclip18split_if_necessary
FN:190,_RNvCs1m5rwWnqSmB_7earclip13create_vertex
FN:216,_RNvCs1m5rwWnqSmB_7earclip11split_right
FN:265,_RNvCs1m5rwWnqSmB_7earclip10split_left
FN:321,_RNvCs1m5rwWnqSmB_7earclip4mod2
FN:326,_RNvCs1m5rwWnqSmB_7earclip7flatten
FN:352,_RINvCs1m5rwWnqSmB_7earclip10convert_2dpEB2_
FN:354,_RNCINvCs1m5rwWnqSmB_7earclip10convert_2dpE0B4_
FN:354,_RNCNCINvCs1m5rwWnqSmB_7earclip10convert_2dpE00B6_
FN:359,_RINvCs1m5rwWnqSmB_7earclip10convert_3dpEB2_
FN:361,_RNCINvCs1m5rwWnqSmB_7earclip10convert_3dpE0B4_
FN:361,_RNCNCINvCs1m5rwWnqSmB_7earclip10convert_3dpE00B6_
FN:367,_RNvCs1m5rwWnqSmB_7earclip9deviation
FN:352,_RINvCs6yctXiA9Rh3_7earclip10convert_2dNtNvCsdlhPE7k3fqm_7earclips_15convert_2d_test3P2DEBE_
FN:359,_RINvCs6yctXiA9Rh3_7earclip10convert_3dNtNvCsdlhPE7k3fqm_7earclips_15convert_3d_test3P3DEBE_
FN:354,_RNCINvCs6yctXiA9Rh3_7earclip10convert_2dNtNvCsdlhPE7k3fqm_7earclips_15convert_2d_test3P2DE0BG_
FN:361,_RNCINvCs6yctXiA9Rh3_7earclip10convert_3dNtNvCsdlhPE7k3fqm_7earclips_15convert_3d_test3P3DE0BG_
FN:354,_RNCNCINvCs6yctXiA9Rh3_7earclip10convert_2dNtNvCsdlhPE7k3fqm_7earclips_15convert_2d_test3P2DE00BI_
FN:361,_RNCNCINvCs6yctXiA9Rh3_7earclip10convert_3dNtNvCsdlhPE7k3fqm_7earclips_15convert_3d_test3P3DE00BI_
FN:46,_RNvCs6yctXiA9Rh3_7earclip7earclip
FN:70,_RNvCs6yctXiA9Rh3_7earclip9tesselate
FN:95,_RNvCs6yctXiA9Rh3_7earclip18split_if_necessary
FN:190,_RNvCs6yctXiA9Rh3_7earclip13create_vertex
FN:216,_RNvCs6yctXiA9Rh3_7earclip11split_right
FN:265,_RNvCs6yctXiA9Rh3_7earclip10split_left
FN:321,_RNvCs6yctXiA9Rh3_7earclip4mod2
FN:326,_RNvCs6yctXiA9Rh3_7earclip7flatten
FN:367,_RNvCs6yctXiA9Rh3_7earclip9deviation
FN:352,_RINvCs6yctXiA9Rh3_7earclip10convert_2dpEB2_
FN:354,_RNCINvCs6yctXiA9Rh3_7earclip10convert_2dpE0B4_
FN:354,_RNCNCINvCs6yctXiA9Rh3_7earclip10convert_2dpE00B6_
FN:359,_RINvCs6yctXiA9Rh3_7earclip10convert_3dpEB2_
FN:361,_RNCINvCs6yctXiA9Rh3_7earclip10convert_3dpE0B4_
FN:361,_RNCNCINvCs6yctXiA9Rh3_7earclip10convert_3dpE00B6_
FN:64,_RNCNvCs6yctXiA9Rh3_7earclip7earclip0B3_
FNDA:0,_RNvCs1m5rwWnqSmB_7earclip7earclip
FNDA:0,_RNCNvCs1m5rwWnqSmB_7earclip7earclip0B3_
FNDA:0,_RNvCs1m5rwWnqSmB_7earclip9tesselate
FNDA:0,_RNvCs1m5rwWnqSmB_7earclip18split_if_necessary
FNDA:0,_RNvCs1m5rwWnqSmB_7earclip13create_vertex
FNDA:0,_RNvCs1m5rwWnqSmB_7earclip11split_right
FNDA:0,_RNvCs1m5rwWnqSmB_7earclip10split_left
FNDA:0,_RNvCs1m5rwWnqSmB_7earclip4mod2
FNDA:0,_RNvCs1m5rwWnqSmB_7earclip7flatten
FNDA:0,_RINvCs1m5rwWnqSmB_7earclip10convert_2dpEB2_
FNDA:0,_RNCINvCs1m5rwWnqSmB_7earclip10convert_2dpE0B4_
FNDA:0,_RNCNCINvCs1m5rwWnqSmB_7earclip10convert_2dpE00B6_
FNDA:0,_RINvCs1m5rwWnqSmB_7earclip10convert_3dpEB2_
FNDA:0,_RNCINvCs1m5rwWnqSmB_7earclip10convert_3dpE0B4_
FNDA:0,_RNCNCINvCs1m5rwWnqSmB_7earclip10convert_3dpE00B6_
FNDA:0,_RNvCs1m5rwWnqSmB_7earclip9deviation
FNDA:1,_RINvCs6yctXiA9Rh3_7earclip10convert_2dNtNvCsdlhPE7k3fqm_7earclips_15convert_2d_test3P2DEBE_
FNDA:1,_RINvCs6yctXiA9Rh3_7earclip10convert_3dNtNvCsdlhPE7k3fqm_7earclips_15convert_3d_test3P3DEBE_
FNDA:1,_RNCINvCs6yctXiA9Rh3_7earclip10convert_2dNtNvCsdlhPE7k3fqm_7earclips_15convert_2d_test3P2DE0BG_
FNDA:1,_RNCINvCs6yctXiA9Rh3_7earclip10convert_3dNtNvCsdlhPE7k3fqm_7earclips_15convert_3d_test3P3DE0BG_
FNDA:3,_RNCNCINvCs6yctXiA9Rh3_7earclip10convert_2dNtNvCsdlhPE7k3fqm_7earclips_15convert_2d_test3P2DE00BI_
FNDA:3,_RNCNCINvCs6yctXiA9Rh3_7earclip10convert_3dNtNvCsdlhPE7k3fqm_7earclips_15convert_3d_test3P3DE00BI_
FNDA:6,_RNvCs6yctXiA9Rh3_7earclip7earclip
FNDA:1,_RNvCs6yctXiA9Rh3_7earclip9tesselate
FNDA:155,_RNvCs6yctXiA9Rh3_7earclip18split_if_necessary
FNDA:68,_RNvCs6yctXiA9Rh3_7earclip13create_vertex
FNDA:11,_RNvCs6yctXiA9Rh3_7earclip11split_right
FNDA:18,_RNvCs6yctXiA9Rh3_7earclip10split_left
FNDA:220,_RNvCs6yctXiA9Rh3_7earclip4mod2
FNDA:52,_RNvCs6yctXiA9Rh3_7earclip7flatten
FNDA:41,_RNvCs6yctXiA9Rh3_7earclip9deviation
FNDA:0,_RINvCs6yctXiA9Rh3_7earclip10convert_2dpEB2_
FNDA:0,_RNCINvCs6yctXiA9Rh3_7earclip10convert_2dpE0B4_
FNDA:0,_RNCNCINvCs6yctXiA9Rh3_7earclip10convert_2dpE00B6_
FNDA:0,_RINvCs6yctXiA9Rh3_7earclip10convert_3dpEB2_
FNDA:0,_RNCINvCs6yctXiA9Rh3_7earclip10convert_3dpE0B4_
FNDA:0,_RNCNCINvCs6yctXiA9Rh3_7earclip10convert_3dpE00B6_
FNDA:285,_RNCNvCs6yctXiA9Rh3_7earclip7earclip0B3_
FNF:16
FNH:16
DA:46,6
DA:47,6
DA:48,6
DA:49,6
DA:50,6
DA:51,6
DA:52,6
DA:53,6
DA:54,6
DA:55,6
DA:56,6
DA:57,6
DA:58,6
DA:59,6
DA:60,1
DA:61,5
DA:64,285
DA:65,6
DA:66,6
DA:67,6
DA:70,1
DA:71,2
DA:72,2
DA:73,157
DA:74,155
DA:75,155
DA:76,155
DA:78,29
DA:79,155
DA:80,29
DA:81,29
DA:82,29
DA:83,29
DA:84,29
DA:85,126
DA:87,155
DA:90,1
DA:95,155
DA:96,155
DA:97,155
DA:98,155
DA:99,155
DA:100,155
DA:101,155
DA:102,155
DA:103,155
DA:104,155
DA:105,155
DA:106,155
DA:107,155
DA:108,155
DA:109,155
DA:110,48
DA:111,48
DA:112,2
DA:113,2
DA:114,2
DA:115,46
DA:116,107
DA:117,37
DA:118,37
DA:119,7
DA:120,30
DA:121,37
DA:122,37
DA:123,7
DA:124,7
DA:125,7
DA:126,30
DA:127,70
DA:129,146
DA:130,10
DA:131,10
DA:132,10
DA:133,6
DA:134,4
DA:136,4
DA:137,4
DA:138,4
DA:139,6
DA:140,136
DA:141,39
DA:142,39
DA:143,16
DA:144,23
DA:145,39
DA:146,39
DA:147,39
DA:148,20
DA:149,13
DA:151,4
DA:152,4
DA:153,4
DA:154,35
DA:155,97
DA:157,138
DA:158,46
DA:159,46
DA:160,46
DA:161,30
DA:162,24
DA:164,5
DA:165,5
DA:166,5
DA:167,41
DA:168,92
DA:169,40
DA:170,40
DA:171,3
DA:172,37
DA:173,40
DA:174,40
DA:175,40
DA:176,22
DA:177,13
DA:179,7
DA:180,7
DA:181,7
DA:182,33
DA:183,52
DA:185,126
DA:186,155
DA:190,68
DA:191,68
DA:192,68
DA:193,68
DA:194,68
DA:195,68
DA:196,68
DA:197,68
DA:198,68
DA:199,68
DA:200,68
DA:201,68
DA:202,204
DA:203,136
DA:204,136
DA:205,136
DA:206,68
DA:207,68
DA:208,68
DA:209,68
DA:211,68
DA:212,68
DA:216,11
DA:217,11
DA:218,11
DA:219,11
DA:220,11
DA:221,11
DA:222,11
DA:223,11
DA:224,11
DA:225,11
DA:226,11
DA:227,11
DA:228,11
DA:229,11
DA:230,11
DA:231,11
DA:232,11
DA:233,11
DA:234,11
DA:235,11
DA:236,11
DA:237,11
DA:238,11
DA:239,9
DA:240,0
DA:241,0
DA:242,0
DA:243,0
DA:244,0
DA:245,0
DA:246,0
DA:247,9
DA:248,9
DA:250,2
DA:251,0
DA:252,0
DA:253,0
DA:254,0
DA:255,0
DA:256,0
DA:257,0
DA:258,2
DA:259,2
DA:261,11
DA:265,18
DA:266,18
DA:267,18
DA:268,18
DA:269,18
DA:270,18
DA:271,18
DA:272,18
DA:273,18
DA:274,18
DA:275,18
DA:276,18
DA:277,18
DA:278,18
DA:279,18
DA:280,18
DA:281,18
DA:282,18
DA:283,18
DA:284,18
DA:285,18
DA:287,8
DA:288,1
DA:289,1
DA:290,1
DA:291,1
DA:292,1
DA:293,1
DA:294,1
DA:295,1
DA:296,1
DA:298,7
DA:299,7
DA:300,7
DA:303,15
DA:304,4
DA:305,4
DA:306,4
DA:307,4
DA:308,4
DA:309,4
DA:310,4
DA:311,4
DA:312,4
DA:314,11
DA:315,11
DA:316,11
DA:318,18
DA:321,220
DA:322,220
DA:323,220
DA:326,52
DA:327,52
DA:328,52
DA:329,52
DA:330,52
DA:332,840
DA:333,24245
DA:334,23405
DA:335,23405
DA:336,23405
DA:337,23405
DA:338,6
DA:339,6
DA:340,23399
DA:342,840
DA:343,789
DA:344,789
DA:345,789
DA:348,52
DA:349,52
DA:352,1
DA:353,1
DA:354,3
DA:355,1
DA:356,1
DA:359,1
DA:360,1
DA:361,3
DA:362,1
DA:363,1
DA:367,41
DA:368,41
DA:369,41
DA:370,41
DA:371,41
DA:372,41
DA:373,780
DA:374,780
DA:375,780
DA:376,780
DA:377,780
DA:379,6
DA:381,41
DA:382,41
DA:383,21494
DA:384,21453
DA:385,21453
DA:386,21453
DA:387,21453
DA:388,21453
DA:389,21453
DA:390,21453
DA:391,21453
DA:392,21453
DA:394,41
DA:395,41
DA:396,0
DA:398,41
DA:400,41
BRF:0
BRH:0
LF:303
LH:288
end_of_record