TN:
SF:src/earcut.ts
FNF:31
FNH:31
DA:22,1
DA:29,61
DA:30,30
DA:31,30
DA:32,30
DA:34,47
DA:35,46
DA:36,52
DA:37,17
DA:38,56
DA:39,46
DA:40,56
DA:41,60
DA:44,2
DA:52,114
DA:53,84
DA:54,127
DA:55,118
DA:56,46
DA:58,164
DA:60,38
DA:61,38
DA:62,40
DA:63,40
DA:64,36
DA:65,22
DA:67,160
DA:70,61
DA:71,52
DA:72,52
DA:74,91
DA:75,36
DA:76,44
DA:77,70
DA:78,70
DA:79,70
DA:80,76
DA:81,3
DA:84,98
DA:85,88
DA:86,3
DA:88,132
DA:90,37
DA:102,20
DA:103,12
DA:104,14
DA:105,10
DA:106,10
DA:107,22
DA:108,4
DA:109,36
DA:111,119
DA:112,82
DA:113,126
DA:114,17
DA:115,96
DA:116,129
DA:119,97
DA:120,42
DA:121,44
DA:122,3
DA:124,27
DA:133,50
DA:135,78
DA:137,32
DA:139,24
DA:140,12
DA:141,36
DA:143,153
DA:144,40
DA:145,46
DA:146,72
DA:147,44
DA:148,17
DA:149,45
DA:151,60
DA:153,25
DA:166,22
DA:167,10
DA:168,22
DA:169,10
DA:170,12
DA:171,12
DA:172,18
DA:173,12
DA:174,4
DA:175,52
DA:178,148
DA:180,34
DA:181,22
DA:182,22
DA:185,65
DA:186,40
DA:187,40
DA:189,150
DA:191,88
DA:193,44
DA:196,44
DA:197,46
DA:199,31
DA:200,3
DA:202,30
DA:205,45
DA:207,45
DA:208,170
DA:211,48
DA:212,134
DA:213,142
DA:216,48
DA:217,134
DA:218,4
DA:220,25
DA:221,5
DA:222,4
DA:230,29
DA:231,42
DA:232,18
DA:233,28
DA:235,82
DA:238,34
DA:239,20
DA:240,20
DA:241,20
DA:242,20
DA:243,20
DA:246,115
DA:247,101
DA:248,101
DA:249,101
DA:251,34
DA:252,37
DA:253,14
DA:254,26
DA:255,26
DA:256,26
DA:257,26
DA:258,106
DA:259,60
DA:261,36
DA:262,32
DA:263,3
DA:265,27
DA:275,77
DA:276,42
DA:277,32
DA:278,42
DA:280,82
DA:282,34
DA:283,34
DA:284,34
DA:285,34
DA:286,34
DA:287,34
DA:290,115
DA:291,115
DA:292,115
DA:293,115
DA:296,102
DA:297,102
DA:299,40
DA:300,40
DA:303,131
DA:304,14
DA:305,26
DA:306,26
DA:307,26
DA:308,26
DA:309,22
DA:310,22
DA:311,106
DA:312,60
DA:314,36
DA:315,32
DA:317,14
DA:318,26
DA:319,26
DA:320,26
DA:321,26
DA:322,22
DA:323,22
DA:324,106
DA:325,60
DA:327,36
DA:328,34
DA:329,3
DA:332,73
DA:333,14
DA:334,26
DA:335,26
DA:336,26
DA:337,26
DA:338,22
DA:339,22
DA:340,106
DA:341,60
DA:343,36
DA:344,34
DA:345,3
DA:348,73
DA:349,14
DA:350,26
DA:351,26
DA:352,26
DA:353,26
DA:354,22
DA:355,22
DA:356,106
DA:357,60
DA:359,36
DA:360,34
DA:361,3
DA:363,27
DA:372,72
DA:373,32
DA:374,12
DA:375,42
DA:376,52
DA:378,16
DA:379,32
DA:380,62
DA:381,46
DA:382,41
DA:383,4
DA:384,72
DA:387,40
DA:388,50
DA:390,46
DA:391,3
DA:392,32
DA:393,46
DA:395,49
DA:407,21
DA:408,14
DA:409,22
DA:410,10
DA:411,12
DA:412,12
DA:413,18
DA:414,4
DA:416,32
DA:417,12
DA:418,48
DA:419,51
DA:420,97
DA:422,70
DA:425,72
DA:426,72
DA:429,128
DA:430,128
DA:431,33
DA:432,3
DA:433,40
DA:434,3
DA:435,32
DA:436,47
DA:447,98
DA:448,38
DA:450,115
DA:451,78
DA:452,135
DA:453,116
DA:454,104
DA:455,70
DA:456,3
DA:458,46
DA:461,81
DA:462,104
DA:463,3
DA:465,37
DA:473,34
DA:474,37
DA:483,61
DA:484,98
DA:485,47
DA:486,41
DA:487,3
DA:489,102
DA:491,100
DA:492,85
DA:501,62
DA:502,40
DA:503,40
DA:504,40
DA:505,36
DA:506,16
DA:510,12
DA:511,115
DA:512,142
DA:513,59
DA:514,30
DA:515,77
DA:516,88
DA:517,9
DA:518,3
DA:519,32
DA:520,54
DA:522,74
DA:528,34
DA:529,34
DA:530,34
DA:531,42
DA:533,16
DA:535,12
DA:536,14
DA:537,26
DA:538,26
DA:539,28
DA:540,155
DA:541,4
DA:542,100
DA:544,18
DA:545,54
DA:546,32
DA:547,153
DA:548,4
DA:549,28
DA:550,52
DA:551,9
DA:552,3
DA:554,32
DA:555,44
DA:557,21
DA:566,46
DA:567,135
DA:577,80
DA:578,32
DA:579,12
DA:580,134
DA:581,42
DA:582,42
DA:583,32
DA:584,46
DA:586,94
DA:587,34
DA:589,33
DA:598,36
DA:599,16
DA:600,16
DA:601,16
DA:602,16
DA:603,22
DA:604,32
DA:605,24
DA:606,24
DA:607,34
DA:609,12
DA:610,26
DA:611,32
DA:612,32
DA:613,36
DA:615,47
DA:616,36
DA:617,24
DA:618,32
DA:619,69
DA:620,32
DA:621,40
DA:622,86
DA:623,3
DA:624,42
DA:626,103
DA:627,169
DA:628,32
DA:629,62
DA:630,50
DA:631,17
DA:632,32
DA:633,62
DA:634,53
DA:637,124
DA:638,37
DA:640,94
DA:641,44
DA:642,3
DA:644,30
DA:645,3
DA:647,90
DA:648,34
DA:649,50
DA:651,27
DA:663,74
DA:665,62
DA:666,62
DA:668,60
DA:669,62
DA:670,62
DA:671,64
DA:673,60
DA:674,62
DA:675,62
DA:676,64
DA:678,39
DA:686,39
DA:687,32
DA:688,46
DA:690,12
DA:691,170
DA:692,32
DA:693,46
DA:695,35
DA:710,25
DA:711,8
DA:712,8
DA:713,8
DA:714,8
DA:715,8
DA:716,8
DA:717,8
DA:718,8
DA:719,4
DA:720,18
DA:721,108
DA:722,108
DA:723,101
DA:733,41
DA:734,16
DA:735,40
DA:736,42
DA:737,56
DA:738,46
DA:739,46
DA:740,46
DA:741,124
DA:742,153
DA:753,36
DA:754,125
DA:763,36
DA:764,79
DA:775,56
DA:776,72
DA:777,72
DA:778,72
DA:779,72
DA:781,88
DA:783,110
DA:784,99
DA:785,99
DA:786,99
DA:788,29
DA:795,28
DA:796,75
DA:806,41
DA:807,16
DA:808,58
DA:809,58
DA:810,58
DA:811,53
DA:821,43
DA:822,24
DA:823,12
DA:824,14
DA:825,30
DA:826,42
DA:827,30
DA:828,42
DA:829,58
DA:831,34
DA:832,32
DA:833,38
DA:835,29
DA:844,39
DA:845,75
DA:846,105
DA:847,99
DA:856,38
DA:857,58
DA:858,58
DA:859,24
DA:860,42
DA:861,12
DA:862,14
DA:863,60
DA:864,40
DA:865,121
DA:866,4
DA:867,52
DA:868,3
DA:869,32
DA:870,38
DA:872,31
DA:883,38
DA:884,74
DA:885,74
DA:886,40
DA:887,40
DA:889,26
DA:890,26
DA:892,30
DA:893,30
DA:895,30
DA:896,30
DA:898,30
DA:899,30
DA:901,23
DA:907,30
DA:908,46
DA:909,46
DA:911,100
DA:912,101
DA:922,70
DA:923,28
DA:924,111
DA:925,122
DA:926,22
DA:927,3
DA:928,25
LF:930
LH:506
end_of_record
TN:
SF:src/index.ts
FNF:11
FNH:11
DA:1,30
DA:3,17
DA:48,6
DA:49,9
DA:50,16
DA:51,12
DA:52,2
DA:54,58
DA:55,53
DA:57,67
DA:59,68
DA:69,6
DA:70,10
DA:71,9
DA:72,8
DA:73,5
DA:74,2
DA:76,14
DA:77,40
DA:78,47
DA:80,21
DA:81,25
DA:82,25
DA:83,87
DA:84,34
DA:85,33
DA:86,37
DA:87,37
DA:88,20
DA:89,4
DA:90,2
DA:91,1
DA:107,1
DA:108,4
DA:109,4
DA:110,4
DA:111,10
DA:112,9
DA:113,5
DA:114,6
DA:115,8
DA:116,2
DA:117,39
DA:118,39
DA:119,39
DA:121,26
DA:122,52
DA:123,78
DA:124,94
DA:125,2
DA:126,31
DA:127,31
DA:128,35
DA:129,30
DA:130,78
DA:131,93
DA:132,2
DA:133,2
DA:135,26
DA:136,52
DA:137,99
DA:138,94
DA:139,2
DA:140,31
DA:141,31
DA:142,35
DA:143,30
DA:144,99
DA:145,93
DA:146,2
DA:147,2
DA:149,26
DA:150,52
DA:151,99
DA:152,94
DA:153,2
DA:154,31
DA:155,31
DA:156,35
DA:157,30
DA:158,99
DA:159,93
DA:160,2
DA:161,2
DA:175,1
DA:176,12
DA:177,4
DA:178,4
DA:179,4
DA:180,4
DA:181,10
DA:182,5
DA:183,6
DA:184,2
DA:185,38
DA:186,54
DA:187,15
DA:188,31
DA:189,33
DA:190,33
DA:191,80
DA:192,32
DA:193,1
DA:194,13
DA:214,1
DA:215,10
DA:216,4
DA:217,4
DA:218,4
DA:219,4
DA:220,4
DA:221,4
DA:222,10
DA:223,9
DA:224,5
DA:225,6
DA:226,8
DA:227,2
DA:229,72
DA:230,72
DA:231,29
DA:232,21
DA:233,15
DA:235,24
DA:237,0
DA:238,0
DA:239,0
DA:240,0
DA:241,0
DA:243,0
DA:244,1
DA:246,31
DA:248,23
DA:249,8
DA:251,24
DA:253,0
DA:254,0
DA:255,0
DA:256,0
DA:257,0
DA:259,0
DA:260,1
DA:262,31
DA:264,23
DA:285,1
DA:286,10
DA:287,4
DA:288,4
DA:289,4
DA:290,4
DA:291,4
DA:292,4
DA:293,10
DA:294,9
DA:295,5
DA:296,6
DA:297,8
DA:298,2
DA:300,72
DA:301,72
DA:302,29
DA:303,21
DA:304,15
DA:306,26
DA:308,29
DA:309,72
DA:310,34
DA:311,72
DA:312,24
DA:314,28
DA:315,1
DA:317,31
DA:319,23
DA:320,8
DA:322,26
DA:324,29
DA:325,72
DA:326,34
DA:327,72
DA:328,24
DA:330,28
DA:331,1
DA:333,31
DA:335,23
DA:344,9
DA:345,24
DA:353,14
DA:354,22
DA:355,25
DA:356,20
DA:357,14
DA:359,49
DA:360,45
DA:361,60
DA:363,50
DA:364,27
DA:365,32
DA:366,20
DA:367,79
DA:368,8
DA:369,42
DA:370,60
DA:372,1
DA:373,17
DA:374,40
DA:375,41
DA:376,4
DA:377,2
DA:378,1
DA:380,39
DA:390,6
DA:391,6
DA:392,18
DA:393,9
DA:394,16
DA:395,2
DA:396,42
DA:397,62
DA:398,65
DA:400,16
DA:401,59
DA:402,41
DA:403,68
DA:404,68
DA:405,2
DA:406,1
DA:408,24
DA:409,47
DA:410,33
DA:411,37
DA:412,37
DA:413,30
DA:414,52
DA:415,48
DA:416,4
DA:417,1
DA:419,50
DA:420,3
DA:421,53
DA:431,26
DA:432,14
DA:433,55
DA:434,61
DA:435,11
DA:436,1
DA:438,12
LF:440
LH:234
end_of_record
